<?xml version="1.0" encoding="UTF-8"?>
<testsuite xmlns:xsi="http://www.w3.org/2001/XMLSchema-instance" xsi:noNamespaceSchemaLocation="https://maven.apache.org/surefire/maven-surefire-plugin/xsd/surefire-test-report.xsd" name="org.springframework.cloud.gateway.mvc.ProductionConfigurationTests" time="8.617" tests="22" errors="0" skipped="0" failures="0">
  <properties>
    <property name="sun.desktop" value="gnome"/>
    <property name="awt.toolkit" value="sun.awt.X11.XToolkit"/>
    <property name="file.encoding.pkg" value="sun.io"/>
    <property name="java.specification.version" value="1.8"/>
    <property name="sun.cpu.isalist" value=""/>
    <property name="sun.jnu.encoding" value="UTF-8"/>
    <property name="java.class.path" value="/home/fk/project/springcloudNetflix/source/spring-cloud-gateway/spring-cloud-gateway-mvc/target/test-classes:/home/fk/project/springcloudNetflix/source/spring-cloud-gateway/spring-cloud-gateway-mvc/target/classes:/home/fk/maven/repo/org/springframework/boot/spring-boot-starter-web/2.2.5.RELEASE/spring-boot-starter-web-2.2.5.RELEASE.jar:/home/fk/maven/repo/org/springframework/boot/spring-boot-starter/2.2.5.RELEASE/spring-boot-starter-2.2.5.RELEASE.jar:/home/fk/maven/repo/org/springframework/boot/spring-boot/2.2.5.RELEASE/spring-boot-2.2.5.RELEASE.jar:/home/fk/maven/repo/org/springframework/boot/spring-boot-autoconfigure/2.2.5.RELEASE/spring-boot-autoconfigure-2.2.5.RELEASE.jar:/home/fk/maven/repo/org/springframework/boot/spring-boot-starter-logging/2.2.5.RELEASE/spring-boot-starter-logging-2.2.5.RELEASE.jar:/home/fk/maven/repo/ch/qos/logback/logback-classic/1.2.3/logback-classic-1.2.3.jar:/home/fk/maven/repo/ch/qos/logback/logback-core/1.2.3/logback-core-1.2.3.jar:/home/fk/maven/repo/org/apache/logging/log4j/log4j-to-slf4j/2.12.1/log4j-to-slf4j-2.12.1.jar:/home/fk/maven/repo/org/apache/logging/log4j/log4j-api/2.12.1/log4j-api-2.12.1.jar:/home/fk/maven/repo/org/slf4j/jul-to-slf4j/1.7.30/jul-to-slf4j-1.7.30.jar:/home/fk/maven/repo/jakarta/annotation/jakarta.annotation-api/1.3.5/jakarta.annotation-api-1.3.5.jar:/home/fk/maven/repo/org/yaml/snakeyaml/1.25/snakeyaml-1.25.jar:/home/fk/maven/repo/org/springframework/boot/spring-boot-starter-json/2.2.5.RELEASE/spring-boot-starter-json-2.2.5.RELEASE.jar:/home/fk/maven/repo/com/fasterxml/jackson/core/jackson-databind/2.10.2/jackson-databind-2.10.2.jar:/home/fk/maven/repo/com/fasterxml/jackson/core/jackson-annotations/2.10.2/jackson-annotations-2.10.2.jar:/home/fk/maven/repo/com/fasterxml/jackson/core/jackson-core/2.10.2/jackson-core-2.10.2.jar:/home/fk/maven/repo/com/fasterxml/jackson/datatype/jackson-datatype-jdk8/2.10.2/jackson-datatype-jdk8-2.10.2.jar:/home/fk/maven/repo/com/fasterxml/jackson/datatype/jackson-datatype-jsr310/2.10.2/jackson-datatype-jsr310-2.10.2.jar:/home/fk/maven/repo/com/fasterxml/jackson/module/jackson-module-parameter-names/2.10.2/jackson-module-parameter-names-2.10.2.jar:/home/fk/maven/repo/org/springframework/boot/spring-boot-starter-tomcat/2.2.5.RELEASE/spring-boot-starter-tomcat-2.2.5.RELEASE.jar:/home/fk/maven/repo/org/apache/tomcat/embed/tomcat-embed-core/9.0.31/tomcat-embed-core-9.0.31.jar:/home/fk/maven/repo/org/apache/tomcat/embed/tomcat-embed-el/9.0.31/tomcat-embed-el-9.0.31.jar:/home/fk/maven/repo/org/apache/tomcat/embed/tomcat-embed-websocket/9.0.31/tomcat-embed-websocket-9.0.31.jar:/home/fk/maven/repo/org/springframework/boot/spring-boot-starter-validation/2.2.5.RELEASE/spring-boot-starter-validation-2.2.5.RELEASE.jar:/home/fk/maven/repo/jakarta/validation/jakarta.validation-api/2.0.2/jakarta.validation-api-2.0.2.jar:/home/fk/maven/repo/org/hibernate/validator/hibernate-validator/6.0.18.Final/hibernate-validator-6.0.18.Final.jar:/home/fk/maven/repo/org/jboss/logging/jboss-logging/3.4.1.Final/jboss-logging-3.4.1.Final.jar:/home/fk/maven/repo/com/fasterxml/classmate/1.5.1/classmate-1.5.1.jar:/home/fk/maven/repo/org/springframework/spring-web/5.2.4.RELEASE/spring-web-5.2.4.RELEASE.jar:/home/fk/maven/repo/org/springframework/spring-beans/5.2.4.RELEASE/spring-beans-5.2.4.RELEASE.jar:/home/fk/maven/repo/org/springframework/spring-webmvc/5.2.4.RELEASE/spring-webmvc-5.2.4.RELEASE.jar:/home/fk/maven/repo/org/springframework/spring-aop/5.2.4.RELEASE/spring-aop-5.2.4.RELEASE.jar:/home/fk/maven/repo/org/springframework/spring-context/5.2.4.RELEASE/spring-context-5.2.4.RELEASE.jar:/home/fk/maven/repo/org/springframework/spring-expression/5.2.4.RELEASE/spring-expression-5.2.4.RELEASE.jar:/home/fk/maven/repo/org/springframework/boot/spring-boot-autoconfigure-processor/2.2.5.RELEASE/spring-boot-autoconfigure-processor-2.2.5.RELEASE.jar:/home/fk/maven/repo/org/springframework/boot/spring-boot-starter-test/2.2.5.RELEASE/spring-boot-starter-test-2.2.5.RELEASE.jar:/home/fk/maven/repo/org/springframework/boot/spring-boot-test/2.2.5.RELEASE/spring-boot-test-2.2.5.RELEASE.jar:/home/fk/maven/repo/org/springframework/boot/spring-boot-test-autoconfigure/2.2.5.RELEASE/spring-boot-test-autoconfigure-2.2.5.RELEASE.jar:/home/fk/maven/repo/com/jayway/jsonpath/json-path/2.4.0/json-path-2.4.0.jar:/home/fk/maven/repo/net/minidev/json-smart/2.3/json-smart-2.3.jar:/home/fk/maven/repo/net/minidev/accessors-smart/1.2/accessors-smart-1.2.jar:/home/fk/maven/repo/org/ow2/asm/asm/5.0.4/asm-5.0.4.jar:/home/fk/maven/repo/org/slf4j/slf4j-api/1.7.30/slf4j-api-1.7.30.jar:/home/fk/maven/repo/jakarta/xml/bind/jakarta.xml.bind-api/2.3.2/jakarta.xml.bind-api-2.3.2.jar:/home/fk/maven/repo/jakarta/activation/jakarta.activation-api/1.2.2/jakarta.activation-api-1.2.2.jar:/home/fk/maven/repo/org/junit/jupiter/junit-jupiter/5.5.2/junit-jupiter-5.5.2.jar:/home/fk/maven/repo/org/junit/jupiter/junit-jupiter-api/5.5.2/junit-jupiter-api-5.5.2.jar:/home/fk/maven/repo/org/opentest4j/opentest4j/1.2.0/opentest4j-1.2.0.jar:/home/fk/maven/repo/org/junit/platform/junit-platform-commons/1.5.2/junit-platform-commons-1.5.2.jar:/home/fk/maven/repo/org/junit/jupiter/junit-jupiter-params/5.5.2/junit-jupiter-params-5.5.2.jar:/home/fk/maven/repo/org/junit/jupiter/junit-jupiter-engine/5.5.2/junit-jupiter-engine-5.5.2.jar:/home/fk/maven/repo/org/junit/vintage/junit-vintage-engine/5.5.2/junit-vintage-engine-5.5.2.jar:/home/fk/maven/repo/org/apiguardian/apiguardian-api/1.1.0/apiguardian-api-1.1.0.jar:/home/fk/maven/repo/org/junit/platform/junit-platform-engine/1.5.2/junit-platform-engine-1.5.2.jar:/home/fk/maven/repo/junit/junit/4.12/junit-4.12.jar:/home/fk/maven/repo/org/mockito/mockito-junit-jupiter/3.1.0/mockito-junit-jupiter-3.1.0.jar:/home/fk/maven/repo/org/assertj/assertj-core/3.13.2/assertj-core-3.13.2.jar:/home/fk/maven/repo/org/hamcrest/hamcrest/2.1/hamcrest-2.1.jar:/home/fk/maven/repo/org/mockito/mockito-core/3.1.0/mockito-core-3.1.0.jar:/home/fk/maven/repo/net/bytebuddy/byte-buddy/1.10.8/byte-buddy-1.10.8.jar:/home/fk/maven/repo/net/bytebuddy/byte-buddy-agent/1.10.8/byte-buddy-agent-1.10.8.jar:/home/fk/maven/repo/org/objenesis/objenesis/2.6/objenesis-2.6.jar:/home/fk/maven/repo/org/skyscreamer/jsonassert/1.5.0/jsonassert-1.5.0.jar:/home/fk/maven/repo/com/vaadin/external/google/android-json/0.0.20131108.vaadin1/android-json-0.0.20131108.vaadin1.jar:/home/fk/maven/repo/org/springframework/spring-core/5.2.4.RELEASE/spring-core-5.2.4.RELEASE.jar:/home/fk/maven/repo/org/springframework/spring-jcl/5.2.4.RELEASE/spring-jcl-5.2.4.RELEASE.jar:/home/fk/maven/repo/org/springframework/spring-test/5.2.4.RELEASE/spring-test-5.2.4.RELEASE.jar:/home/fk/maven/repo/org/xmlunit/xmlunit-core/2.6.3/xmlunit-core-2.6.3.jar:/home/fk/maven/repo/org/springframework/boot/spring-boot-starter-actuator/2.2.5.RELEASE/spring-boot-starter-actuator-2.2.5.RELEASE.jar:/home/fk/maven/repo/org/springframework/boot/spring-boot-actuator-autoconfigure/2.2.5.RELEASE/spring-boot-actuator-autoconfigure-2.2.5.RELEASE.jar:/home/fk/maven/repo/org/springframework/boot/spring-boot-actuator/2.2.5.RELEASE/spring-boot-actuator-2.2.5.RELEASE.jar:/home/fk/maven/repo/io/micrometer/micrometer-core/1.3.5/micrometer-core-1.3.5.jar:/home/fk/maven/repo/org/hdrhistogram/HdrHistogram/2.1.11/HdrHistogram-2.1.11.jar:/home/fk/maven/repo/org/latencyutils/LatencyUtils/2.0.3/LatencyUtils-2.0.3.jar:/home/fk/maven/repo/org/springframework/boot/spring-boot-configuration-processor/2.2.5.RELEASE/spring-boot-configuration-processor-2.2.5.RELEASE.jar:"/>
    <property name="java.vm.vendor" value="Private Build"/>
    <property name="sun.arch.data.model" value="64"/>
    <property name="java.vendor.url" value="http://java.oracle.com/"/>
    <property name="user.timezone" value="Asia/Shanghai"/>
    <property name="java.vm.specification.version" value="1.8"/>
    <property name="os.name" value="Linux"/>
    <property name="user.country" value="CN"/>
    <property name="sun.java.launcher" value="SUN_STANDARD"/>
    <property name="sun.boot.library.path" value="/usr/lib/jvm/java-8-openjdk-amd64/jre/lib/amd64"/>
    <property name="sun.java.command" value="/home/fk/project/springcloudNetflix/source/spring-cloud-gateway/spring-cloud-gateway-mvc/target/surefire/surefirebooter4090931333102052479.jar /home/fk/project/springcloudNetflix/source/spring-cloud-gateway/spring-cloud-gateway-mvc/target/surefire 2020-03-16T10-08-42_860-jvmRun1 surefire8753020286133370366tmp surefire_06045819361473671694tmp"/>
    <property name="surefire.test.class.path" value="/home/fk/project/springcloudNetflix/source/spring-cloud-gateway/spring-cloud-gateway-mvc/target/test-classes:/home/fk/project/springcloudNetflix/source/spring-cloud-gateway/spring-cloud-gateway-mvc/target/classes:/home/fk/maven/repo/org/springframework/boot/spring-boot-starter-web/2.2.5.RELEASE/spring-boot-starter-web-2.2.5.RELEASE.jar:/home/fk/maven/repo/org/springframework/boot/spring-boot-starter/2.2.5.RELEASE/spring-boot-starter-2.2.5.RELEASE.jar:/home/fk/maven/repo/org/springframework/boot/spring-boot/2.2.5.RELEASE/spring-boot-2.2.5.RELEASE.jar:/home/fk/maven/repo/org/springframework/boot/spring-boot-autoconfigure/2.2.5.RELEASE/spring-boot-autoconfigure-2.2.5.RELEASE.jar:/home/fk/maven/repo/org/springframework/boot/spring-boot-starter-logging/2.2.5.RELEASE/spring-boot-starter-logging-2.2.5.RELEASE.jar:/home/fk/maven/repo/ch/qos/logback/logback-classic/1.2.3/logback-classic-1.2.3.jar:/home/fk/maven/repo/ch/qos/logback/logback-core/1.2.3/logback-core-1.2.3.jar:/home/fk/maven/repo/org/apache/logging/log4j/log4j-to-slf4j/2.12.1/log4j-to-slf4j-2.12.1.jar:/home/fk/maven/repo/org/apache/logging/log4j/log4j-api/2.12.1/log4j-api-2.12.1.jar:/home/fk/maven/repo/org/slf4j/jul-to-slf4j/1.7.30/jul-to-slf4j-1.7.30.jar:/home/fk/maven/repo/jakarta/annotation/jakarta.annotation-api/1.3.5/jakarta.annotation-api-1.3.5.jar:/home/fk/maven/repo/org/yaml/snakeyaml/1.25/snakeyaml-1.25.jar:/home/fk/maven/repo/org/springframework/boot/spring-boot-starter-json/2.2.5.RELEASE/spring-boot-starter-json-2.2.5.RELEASE.jar:/home/fk/maven/repo/com/fasterxml/jackson/core/jackson-databind/2.10.2/jackson-databind-2.10.2.jar:/home/fk/maven/repo/com/fasterxml/jackson/core/jackson-annotations/2.10.2/jackson-annotations-2.10.2.jar:/home/fk/maven/repo/com/fasterxml/jackson/core/jackson-core/2.10.2/jackson-core-2.10.2.jar:/home/fk/maven/repo/com/fasterxml/jackson/datatype/jackson-datatype-jdk8/2.10.2/jackson-datatype-jdk8-2.10.2.jar:/home/fk/maven/repo/com/fasterxml/jackson/datatype/jackson-datatype-jsr310/2.10.2/jackson-datatype-jsr310-2.10.2.jar:/home/fk/maven/repo/com/fasterxml/jackson/module/jackson-module-parameter-names/2.10.2/jackson-module-parameter-names-2.10.2.jar:/home/fk/maven/repo/org/springframework/boot/spring-boot-starter-tomcat/2.2.5.RELEASE/spring-boot-starter-tomcat-2.2.5.RELEASE.jar:/home/fk/maven/repo/org/apache/tomcat/embed/tomcat-embed-core/9.0.31/tomcat-embed-core-9.0.31.jar:/home/fk/maven/repo/org/apache/tomcat/embed/tomcat-embed-el/9.0.31/tomcat-embed-el-9.0.31.jar:/home/fk/maven/repo/org/apache/tomcat/embed/tomcat-embed-websocket/9.0.31/tomcat-embed-websocket-9.0.31.jar:/home/fk/maven/repo/org/springframework/boot/spring-boot-starter-validation/2.2.5.RELEASE/spring-boot-starter-validation-2.2.5.RELEASE.jar:/home/fk/maven/repo/jakarta/validation/jakarta.validation-api/2.0.2/jakarta.validation-api-2.0.2.jar:/home/fk/maven/repo/org/hibernate/validator/hibernate-validator/6.0.18.Final/hibernate-validator-6.0.18.Final.jar:/home/fk/maven/repo/org/jboss/logging/jboss-logging/3.4.1.Final/jboss-logging-3.4.1.Final.jar:/home/fk/maven/repo/com/fasterxml/classmate/1.5.1/classmate-1.5.1.jar:/home/fk/maven/repo/org/springframework/spring-web/5.2.4.RELEASE/spring-web-5.2.4.RELEASE.jar:/home/fk/maven/repo/org/springframework/spring-beans/5.2.4.RELEASE/spring-beans-5.2.4.RELEASE.jar:/home/fk/maven/repo/org/springframework/spring-webmvc/5.2.4.RELEASE/spring-webmvc-5.2.4.RELEASE.jar:/home/fk/maven/repo/org/springframework/spring-aop/5.2.4.RELEASE/spring-aop-5.2.4.RELEASE.jar:/home/fk/maven/repo/org/springframework/spring-context/5.2.4.RELEASE/spring-context-5.2.4.RELEASE.jar:/home/fk/maven/repo/org/springframework/spring-expression/5.2.4.RELEASE/spring-expression-5.2.4.RELEASE.jar:/home/fk/maven/repo/org/springframework/boot/spring-boot-autoconfigure-processor/2.2.5.RELEASE/spring-boot-autoconfigure-processor-2.2.5.RELEASE.jar:/home/fk/maven/repo/org/springframework/boot/spring-boot-starter-test/2.2.5.RELEASE/spring-boot-starter-test-2.2.5.RELEASE.jar:/home/fk/maven/repo/org/springframework/boot/spring-boot-test/2.2.5.RELEASE/spring-boot-test-2.2.5.RELEASE.jar:/home/fk/maven/repo/org/springframework/boot/spring-boot-test-autoconfigure/2.2.5.RELEASE/spring-boot-test-autoconfigure-2.2.5.RELEASE.jar:/home/fk/maven/repo/com/jayway/jsonpath/json-path/2.4.0/json-path-2.4.0.jar:/home/fk/maven/repo/net/minidev/json-smart/2.3/json-smart-2.3.jar:/home/fk/maven/repo/net/minidev/accessors-smart/1.2/accessors-smart-1.2.jar:/home/fk/maven/repo/org/ow2/asm/asm/5.0.4/asm-5.0.4.jar:/home/fk/maven/repo/org/slf4j/slf4j-api/1.7.30/slf4j-api-1.7.30.jar:/home/fk/maven/repo/jakarta/xml/bind/jakarta.xml.bind-api/2.3.2/jakarta.xml.bind-api-2.3.2.jar:/home/fk/maven/repo/jakarta/activation/jakarta.activation-api/1.2.2/jakarta.activation-api-1.2.2.jar:/home/fk/maven/repo/org/junit/jupiter/junit-jupiter/5.5.2/junit-jupiter-5.5.2.jar:/home/fk/maven/repo/org/junit/jupiter/junit-jupiter-api/5.5.2/junit-jupiter-api-5.5.2.jar:/home/fk/maven/repo/org/opentest4j/opentest4j/1.2.0/opentest4j-1.2.0.jar:/home/fk/maven/repo/org/junit/platform/junit-platform-commons/1.5.2/junit-platform-commons-1.5.2.jar:/home/fk/maven/repo/org/junit/jupiter/junit-jupiter-params/5.5.2/junit-jupiter-params-5.5.2.jar:/home/fk/maven/repo/org/junit/jupiter/junit-jupiter-engine/5.5.2/junit-jupiter-engine-5.5.2.jar:/home/fk/maven/repo/org/junit/vintage/junit-vintage-engine/5.5.2/junit-vintage-engine-5.5.2.jar:/home/fk/maven/repo/org/apiguardian/apiguardian-api/1.1.0/apiguardian-api-1.1.0.jar:/home/fk/maven/repo/org/junit/platform/junit-platform-engine/1.5.2/junit-platform-engine-1.5.2.jar:/home/fk/maven/repo/junit/junit/4.12/junit-4.12.jar:/home/fk/maven/repo/org/mockito/mockito-junit-jupiter/3.1.0/mockito-junit-jupiter-3.1.0.jar:/home/fk/maven/repo/org/assertj/assertj-core/3.13.2/assertj-core-3.13.2.jar:/home/fk/maven/repo/org/hamcrest/hamcrest/2.1/hamcrest-2.1.jar:/home/fk/maven/repo/org/mockito/mockito-core/3.1.0/mockito-core-3.1.0.jar:/home/fk/maven/repo/net/bytebuddy/byte-buddy/1.10.8/byte-buddy-1.10.8.jar:/home/fk/maven/repo/net/bytebuddy/byte-buddy-agent/1.10.8/byte-buddy-agent-1.10.8.jar:/home/fk/maven/repo/org/objenesis/objenesis/2.6/objenesis-2.6.jar:/home/fk/maven/repo/org/skyscreamer/jsonassert/1.5.0/jsonassert-1.5.0.jar:/home/fk/maven/repo/com/vaadin/external/google/android-json/0.0.20131108.vaadin1/android-json-0.0.20131108.vaadin1.jar:/home/fk/maven/repo/org/springframework/spring-core/5.2.4.RELEASE/spring-core-5.2.4.RELEASE.jar:/home/fk/maven/repo/org/springframework/spring-jcl/5.2.4.RELEASE/spring-jcl-5.2.4.RELEASE.jar:/home/fk/maven/repo/org/springframework/spring-test/5.2.4.RELEASE/spring-test-5.2.4.RELEASE.jar:/home/fk/maven/repo/org/xmlunit/xmlunit-core/2.6.3/xmlunit-core-2.6.3.jar:/home/fk/maven/repo/org/springframework/boot/spring-boot-starter-actuator/2.2.5.RELEASE/spring-boot-starter-actuator-2.2.5.RELEASE.jar:/home/fk/maven/repo/org/springframework/boot/spring-boot-actuator-autoconfigure/2.2.5.RELEASE/spring-boot-actuator-autoconfigure-2.2.5.RELEASE.jar:/home/fk/maven/repo/org/springframework/boot/spring-boot-actuator/2.2.5.RELEASE/spring-boot-actuator-2.2.5.RELEASE.jar:/home/fk/maven/repo/io/micrometer/micrometer-core/1.3.5/micrometer-core-1.3.5.jar:/home/fk/maven/repo/org/hdrhistogram/HdrHistogram/2.1.11/HdrHistogram-2.1.11.jar:/home/fk/maven/repo/org/latencyutils/LatencyUtils/2.0.3/LatencyUtils-2.0.3.jar:/home/fk/maven/repo/org/springframework/boot/spring-boot-configuration-processor/2.2.5.RELEASE/spring-boot-configuration-processor-2.2.5.RELEASE.jar:"/>
    <property name="sun.cpu.endian" value="little"/>
    <property name="user.home" value="/home/fk"/>
    <property name="user.language" value="zh"/>
    <property name="java.specification.vendor" value="Oracle Corporation"/>
    <property name="java.home" value="/usr/lib/jvm/java-8-openjdk-amd64/jre"/>
    <property name="basedir" value="/home/fk/project/springcloudNetflix/source/spring-cloud-gateway/spring-cloud-gateway-mvc"/>
    <property name="file.separator" value="/"/>
    <property name="line.separator" value="&#10;"/>
    <property name="java.vm.specification.vendor" value="Oracle Corporation"/>
    <property name="java.specification.name" value="Java Platform API Specification"/>
    <property name="java.awt.graphicsenv" value="sun.awt.X11GraphicsEnvironment"/>
    <property name="surefire.real.class.path" value="/home/fk/project/springcloudNetflix/source/spring-cloud-gateway/spring-cloud-gateway-mvc/target/surefire/surefirebooter4090931333102052479.jar"/>
    <property name="sun.boot.class.path" value="/usr/lib/jvm/java-8-openjdk-amd64/jre/lib/resources.jar:/usr/lib/jvm/java-8-openjdk-amd64/jre/lib/rt.jar:/usr/lib/jvm/java-8-openjdk-amd64/jre/lib/sunrsasign.jar:/usr/lib/jvm/java-8-openjdk-amd64/jre/lib/jsse.jar:/usr/lib/jvm/java-8-openjdk-amd64/jre/lib/jce.jar:/usr/lib/jvm/java-8-openjdk-amd64/jre/lib/charsets.jar:/usr/lib/jvm/java-8-openjdk-amd64/jre/lib/jfr.jar:/usr/lib/jvm/java-8-openjdk-amd64/jre/classes"/>
    <property name="sun.management.compiler" value="HotSpot 64-Bit Tiered Compilers"/>
    <property name="java.runtime.version" value="1.8.0_242-8u242-b08-0ubuntu3~18.04-b08"/>
    <property name="user.name" value="fk"/>
    <property name="path.separator" value=":"/>
    <property name="os.version" value="5.3.0-40-generic"/>
    <property name="java.endorsed.dirs" value="/usr/lib/jvm/java-8-openjdk-amd64/jre/lib/endorsed"/>
    <property name="java.runtime.name" value="OpenJDK Runtime Environment"/>
    <property name="altSnapshotDeploymentRepository" value="repo.spring.io::default::https://repo.spring.io/libs-snapshot-local"/>
    <property name="file.encoding" value="UTF-8"/>
    <property name="java.vm.name" value="OpenJDK 64-Bit Server VM"/>
    <property name="localRepository" value="/home/fk/maven/repo"/>
    <property name="java.vendor.url.bug" value="http://bugreport.sun.com/bugreport/"/>
    <property name="java.io.tmpdir" value="/tmp"/>
    <property name="java.version" value="1.8.0_242"/>
    <property name="user.dir" value="/home/fk/project/springcloudNetflix/source/spring-cloud-gateway/spring-cloud-gateway-mvc"/>
    <property name="os.arch" value="amd64"/>
    <property name="java.vm.specification.name" value="Java Virtual Machine Specification"/>
    <property name="java.awt.printerjob" value="sun.print.PSPrinterJob"/>
    <property name="sun.os.patch.level" value="unknown"/>
    <property name="java.library.path" value="/usr/java/packages/lib/amd64:/usr/lib/x86_64-linux-gnu/jni:/lib/x86_64-linux-gnu:/usr/lib/x86_64-linux-gnu:/usr/lib/jni:/lib:/usr/lib"/>
    <property name="java.vm.info" value="mixed mode"/>
    <property name="java.vendor" value="Private Build"/>
    <property name="java.vm.version" value="25.242-b08"/>
    <property name="java.ext.dirs" value="/usr/lib/jvm/java-8-openjdk-amd64/jre/lib/ext:/usr/java/packages/lib/ext"/>
    <property name="sun.io.unicode.encoding" value="UnicodeLittle"/>
    <property name="java.class.version" value="52.0"/>
  </properties>
  <testcase name="postForwardForgetBody" classname="org.springframework.cloud.gateway.mvc.ProductionConfigurationTests" time="1.027"/>
  <testcase name="postForwardBody" classname="org.springframework.cloud.gateway.mvc.ProductionConfigurationTests" time="0.016"/>
  <testcase name="entity" classname="org.springframework.cloud.gateway.mvc.ProductionConfigurationTests" time="0.056"/>
  <testcase name="entityWithType" classname="org.springframework.cloud.gateway.mvc.ProductionConfigurationTests" time="0.019"/>
  <testcase name="resourceWithNoType" classname="org.springframework.cloud.gateway.mvc.ProductionConfigurationTests" time="0.03"/>
  <testcase name="noBody" classname="org.springframework.cloud.gateway.mvc.ProductionConfigurationTests" time="0.025"/>
  <testcase name="single" classname="org.springframework.cloud.gateway.mvc.ProductionConfigurationTests" time="0.016"/>
  <testcase name="postForwardHeader" classname="org.springframework.cloud.gateway.mvc.ProductionConfigurationTests" time="0.014"/>
  <testcase name="forwardHeader" classname="org.springframework.cloud.gateway.mvc.ProductionConfigurationTests" time="0.014"/>
  <testcase name="forward" classname="org.springframework.cloud.gateway.mvc.ProductionConfigurationTests" time="0.009"/>
  <testcase name="converter" classname="org.springframework.cloud.gateway.mvc.ProductionConfigurationTests" time="0.015"/>
  <testcase name="resource" classname="org.springframework.cloud.gateway.mvc.ProductionConfigurationTests" time="0.02"/>
  <testcase name="get" classname="org.springframework.cloud.gateway.mvc.ProductionConfigurationTests" time="0.017"/>
  <testcase name="uri" classname="org.springframework.cloud.gateway.mvc.ProductionConfigurationTests" time="0.014"/>
  <testcase name="list" classname="org.springframework.cloud.gateway.mvc.ProductionConfigurationTests" time="0.015"/>
  <testcase name="path" classname="org.springframework.cloud.gateway.mvc.ProductionConfigurationTests" time="0.012"/>
  <testcase name="post" classname="org.springframework.cloud.gateway.mvc.ProductionConfigurationTests" time="0.02"/>
  <testcase name="headers" classname="org.springframework.cloud.gateway.mvc.ProductionConfigurationTests" time="0.051"/>
  <testcase name="missing" classname="org.springframework.cloud.gateway.mvc.ProductionConfigurationTests" time="0.047"/>
  <testcase name="forwardedHeaderUsesHost" classname="org.springframework.cloud.gateway.mvc.ProductionConfigurationTests" time="0.017"/>
  <testcase name="bodyless" classname="org.springframework.cloud.gateway.mvc.ProductionConfigurationTests" time="0.015"/>
  <testcase name="postForwardBodyFoo" classname="org.springframework.cloud.gateway.mvc.ProductionConfigurationTests" time="0.008"/>
</testsuite>